mode: set
github.com/bboortz/go-utils/stack.go:12.19,14.2 1 1
github.com/bboortz/go-utils/stack.go:21.21,23.6 2 1
github.com/bboortz/go-utils/stack.go:23.6,25.19 2 1
github.com/bboortz/go-utils/stack.go:28.3,28.33 1 0
github.com/bboortz/go-utils/stack.go:25.19,27.4 1 1
github.com/bboortz/go-utils/stack.go:32.14,38.2 5 1
github.com/bboortz/go-utils/stack.go:39.36,44.2 4 1
github.com/bboortz/go-utils/stack.go:46.36,51.2 4 1
github.com/bboortz/go-utils/file.go:11.47,13.16 2 1
github.com/bboortz/go-utils/file.go:16.2,20.21 4 1
github.com/bboortz/go-utils/file.go:23.2,23.29 1 1
github.com/bboortz/go-utils/file.go:13.16,15.3 1 1
github.com/bboortz/go-utils/file.go:20.21,22.3 1 1
github.com/bboortz/go-utils/random.go:9.13,11.2 1 1
github.com/bboortz/go-utils/random.go:13.13,16.2 2 1
github.com/bboortz/go-utils/random.go:18.22,20.2 1 1
github.com/bboortz/go-utils/random.go:22.33,24.25 2 1
github.com/bboortz/go-utils/random.go:27.2,27.22 1 1
github.com/bboortz/go-utils/random.go:24.25,26.3 1 1
github.com/bboortz/go-utils/random.go:30.38,32.2 1 1
github.com/bboortz/go-utils/random.go:34.46,36.2 1 1
